[2022-08-22 11:21:55.150] [renderer1] [error] Unable to figure out browser width and height: Error: Unable to figure out browser width and height
    at W (vscode-file://vscode-app/snap/code/105/usr/share/code/resources/app/out/vs/workbench/workbench.desktop.main.js:86:31183)
    at w.load (vscode-file://vscode-app/snap/code/105/usr/share/code/resources/app/out/vs/workbench/workbench.desktop.main.js:1728:62182)
    at M.initLayoutState (vscode-file://vscode-app/snap/code/105/usr/share/code/resources/app/out/vs/workbench/workbench.desktop.main.js:3058:13659)
    at M.initLayout (vscode-file://vscode-app/snap/code/105/usr/share/code/resources/app/out/vs/workbench/workbench.desktop.main.js:3058:9093)
    at vscode-file://vscode-app/snap/code/105/usr/share/code/resources/app/out/vs/workbench/workbench.desktop.main.js:3058:70016
    at p.invokeFunction (vscode-file://vscode-app/snap/code/105/usr/share/code/resources/app/out/vs/workbench/workbench.desktop.main.js:599:325)
    at M.startup (vscode-file://vscode-app/snap/code/105/usr/share/code/resources/app/out/vs/workbench/workbench.desktop.main.js:3058:69847)
    at ie.open (vscode-file://vscode-app/snap/code/105/usr/share/code/resources/app/out/vs/workbench/workbench.desktop.main.js:3108:54202)
    at async vscode-file://vscode-app/snap/code/105/usr/share/code/resources/app/out/bootstrap-window.js:1:3156
[2022-08-22 11:21:55.159] [renderer1] [error] Cannot read properties of undefined (reading 'runtime'): TypeError: Cannot read properties of undefined (reading 'runtime')
    at M.onWindowFocusChanged (vscode-file://vscode-app/snap/code/105/usr/share/code/resources/app/out/vs/workbench/workbench.desktop.main.js:3058:11872)
    at vscode-file://vscode-app/snap/code/105/usr/share/code/resources/app/out/vs/workbench/workbench.desktop.main.js:3058:10610
    at S.invoke (vscode-file://vscode-app/snap/code/105/usr/share/code/resources/app/out/vs/workbench/workbench.desktop.main.js:82:145)
    at s.deliver (vscode-file://vscode-app/snap/code/105/usr/share/code/resources/app/out/vs/workbench/workbench.desktop.main.js:82:2266)
    at l.fire (vscode-file://vscode-app/snap/code/105/usr/share/code/resources/app/out/vs/workbench/workbench.desktop.main.js:82:1844)
    at vscode-file://vscode-app/snap/code/105/usr/share/code/resources/app/out/vs/workbench/workbench.desktop.main.js:80:23658
    at vscode-file://vscode-app/snap/code/105/usr/share/code/resources/app/out/vs/workbench/workbench.desktop.main.js:80:23814
    at S.invoke (vscode-file://vscode-app/snap/code/105/usr/share/code/resources/app/out/vs/workbench/workbench.desktop.main.js:82:145)
    at s.deliver (vscode-file://vscode-app/snap/code/105/usr/share/code/resources/app/out/vs/workbench/workbench.desktop.main.js:82:2266)
    at l.fire (vscode-file://vscode-app/snap/code/105/usr/share/code/resources/app/out/vs/workbench/workbench.desktop.main.js:82:1844)
    at vscode-file://vscode-app/snap/code/105/usr/share/code/resources/app/out/vs/workbench/workbench.desktop.main.js:80:23462
    at S.invoke (vscode-file://vscode-app/snap/code/105/usr/share/code/resources/app/out/vs/workbench/workbench.desktop.main.js:82:145)
    at s.deliver (vscode-file://vscode-app/snap/code/105/usr/share/code/resources/app/out/vs/workbench/workbench.desktop.main.js:82:2266)
    at l.fire (vscode-file://vscode-app/snap/code/105/usr/share/code/resources/app/out/vs/workbench/workbench.desktop.main.js:82:1844)
    at vscode-file://vscode-app/snap/code/105/usr/share/code/resources/app/out/vs/workbench/workbench.desktop.main.js:80:23658
    at S.invoke (vscode-file://vscode-app/snap/code/105/usr/share/code/resources/app/out/vs/workbench/workbench.desktop.main.js:82:145)
    at s.deliver (vscode-file://vscode-app/snap/code/105/usr/share/code/resources/app/out/vs/workbench/workbench.desktop.main.js:82:2266)
    at l.fire (vscode-file://vscode-app/snap/code/105/usr/share/code/resources/app/out/vs/workbench/workbench.desktop.main.js:82:1844)
    at Y (vscode-file://vscode-app/snap/code/105/usr/share/code/resources/app/out/vs/workbench/workbench.desktop.main.js:544:3415)
    at D.onResponse (vscode-file://vscode-app/snap/code/105/usr/share/code/resources/app/out/vs/workbench/workbench.desktop.main.js:544:4331)
    at D.onBuffer (vscode-file://vscode-app/snap/code/105/usr/share/code/resources/app/out/vs/workbench/workbench.desktop.main.js:544:4181)
    at vscode-file://vscode-app/snap/code/105/usr/share/code/resources/app/out/vs/workbench/workbench.desktop.main.js:544:1817
    at S.invoke (vscode-file://vscode-app/snap/code/105/usr/share/code/resources/app/out/vs/workbench/workbench.desktop.main.js:82:145)
    at s.deliver (vscode-file://vscode-app/snap/code/105/usr/share/code/resources/app/out/vs/workbench/workbench.desktop.main.js:82:2266)
    at l.fire (vscode-file://vscode-app/snap/code/105/usr/share/code/resources/app/out/vs/workbench/workbench.desktop.main.js:82:1844)
    at EventEmitter.ne (vscode-file://vscode-app/snap/code/105/usr/share/code/resources/app/out/vs/workbench/workbench.desktop.main.js:80:25646)
    at EventEmitter.emit (node:events:390:28)
    at Object.onMessage (node:electron/js2c/renderer_init:81:794)
[2022-08-22 11:21:56.366] [renderer1] [critical] Cannot instantiate named customer: 'MainThreadUrls'
[2022-08-22 11:21:56.367] [renderer1] [critical] {}
[2022-08-22 11:21:56.367] [renderer1] [error] Cannot read properties of undefined (reading 'dispose'): TypeError: Cannot read properties of undefined (reading 'dispose')
    at Function.get cache [as cache] (vscode-file://vscode-app/snap/code/105/usr/share/code/resources/app/out/vs/workbench/workbench.desktop.main.js:1963:1682)
    at new M (vscode-file://vscode-app/snap/code/105/usr/share/code/resources/app/out/vs/workbench/workbench.desktop.main.js:1955:26088)
    at p._createInstance (vscode-file://vscode-app/snap/code/105/usr/share/code/resources/app/out/vs/workbench/workbench.desktop.main.js:599:1346)
    at p._createServiceInstance (vscode-file://vscode-app/snap/code/105/usr/share/code/resources/app/out/vs/workbench/workbench.desktop.main.js:599:3757)
    at p._createServiceInstanceWithOwner (vscode-file://vscode-app/snap/code/105/usr/share/code/resources/app/out/vs/workbench/workbench.desktop.main.js:599:3267)
    at p._createAndCacheServiceInstance (vscode-file://vscode-app/snap/code/105/usr/share/code/resources/app/out/vs/workbench/workbench.desktop.main.js:599:2942)
    at p._safeCreateAndCacheServiceInstance (vscode-file://vscode-app/snap/code/105/usr/share/code/resources/app/out/vs/workbench/workbench.desktop.main.js:599:2140)
    at p._getOrCreateServiceInstance (vscode-file://vscode-app/snap/code/105/usr/share/code/resources/app/out/vs/workbench/workbench.desktop.main.js:599:1861)
    at p._createInstance (vscode-file://vscode-app/snap/code/105/usr/share/code/resources/app/out/vs/workbench/workbench.desktop.main.js:599:947)
    at p.createInstance (vscode-file://vscode-app/snap/code/105/usr/share/code/resources/app/out/vs/workbench/workbench.desktop.main.js:599:779)
    at Ls._createExtensionHostCustomers (vscode-file://vscode-app/snap/code/105/usr/share/code/resources/app/out/vs/workbench/workbench.desktop.main.js:1963:7767)
    at vscode-file://vscode-app/snap/code/105/usr/share/code/resources/app/out/vs/workbench/workbench.desktop.main.js:1963:5199
    at processTicksAndRejections (node:internal/process/task_queues:96:5)
[2022-08-22 11:21:56.403] [renderer1] [error] Missing proxy instance MainThreadUrls: Error: Missing proxy instance MainThreadUrls
    at m.assertRegistered (vscode-file://vscode-app/snap/code/105/usr/share/code/resources/app/out/vs/workbench/workbench.desktop.main.js:1712:9901)
    at Ls._createExtensionHostCustomers (vscode-file://vscode-app/snap/code/105/usr/share/code/resources/app/out/vs/workbench/workbench.desktop.main.js:1963:8265)
    at vscode-file://vscode-app/snap/code/105/usr/share/code/resources/app/out/vs/workbench/workbench.desktop.main.js:1963:5199
    at processTicksAndRejections (node:internal/process/task_queues:96:5)
[2022-08-22 11:21:56.404] [renderer1] [error] Cannot get default system shell when there is no backend for remote authority 'undefined': Error: Cannot get default system shell when there is no backend for remote authority 'undefined'
    at Object.getDefaultSystemShell (vscode-file://vscode-app/snap/code/105/usr/share/code/resources/app/out/vs/workbench/workbench.desktop.main.js:2100:2389)
    at u._getUnresolvedFallbackDefaultProfile (vscode-file://vscode-app/snap/code/105/usr/share/code/resources/app/out/vs/workbench/workbench.desktop.main.js:2095:78121)
    at u._getUnresolvedDefaultProfile (vscode-file://vscode-app/snap/code/105/usr/share/code/resources/app/out/vs/workbench/workbench.desktop.main.js:2095:76894)
    at processTicksAndRejections (node:internal/process/task_queues:96:5)
    at async u.getDefaultProfile (vscode-file://vscode-app/snap/code/105/usr/share/code/resources/app/out/vs/workbench/workbench.desktop.main.js:2095:75950)
    at async Promise.all (index 0)
    at async c._updateDefaultProfile (vscode-file://vscode-app/snap/code/105/usr/share/code/resources/app/out/vs/workbench/workbench.desktop.main.js:2095:49125)
[2022-08-22 11:21:56.604] [renderer1] [error] Cannot get default system shell when there is no backend for remote authority 'undefined': Error: Cannot get default system shell when there is no backend for remote authority 'undefined'
    at Object.getDefaultSystemShell (vscode-file://vscode-app/snap/code/105/usr/share/code/resources/app/out/vs/workbench/workbench.desktop.main.js:2100:2389)
    at u._getUnresolvedFallbackDefaultProfile (vscode-file://vscode-app/snap/code/105/usr/share/code/resources/app/out/vs/workbench/workbench.desktop.main.js:2095:78121)
    at u._getUnresolvedDefaultProfile (vscode-file://vscode-app/snap/code/105/usr/share/code/resources/app/out/vs/workbench/workbench.desktop.main.js:2095:76894)
    at async u.getDefaultProfile (vscode-file://vscode-app/snap/code/105/usr/share/code/resources/app/out/vs/workbench/workbench.desktop.main.js:2095:75950)
    at async u._refreshDefaultProfileName (vscode-file://vscode-app/snap/code/105/usr/share/code/resources/app/out/vs/workbench/workbench.desktop.main.js:2095:74541)
[2022-08-22 11:21:57.353] [renderer1] [error] Cannot read properties of undefined (reading 'runtime'): TypeError: Cannot read properties of undefined (reading 'runtime')
    at M.onWindowFocusChanged (vscode-file://vscode-app/snap/code/105/usr/share/code/resources/app/out/vs/workbench/workbench.desktop.main.js:3058:11872)
    at vscode-file://vscode-app/snap/code/105/usr/share/code/resources/app/out/vs/workbench/workbench.desktop.main.js:3058:10610
    at S.invoke (vscode-file://vscode-app/snap/code/105/usr/share/code/resources/app/out/vs/workbench/workbench.desktop.main.js:82:145)
    at s.deliver (vscode-file://vscode-app/snap/code/105/usr/share/code/resources/app/out/vs/workbench/workbench.desktop.main.js:82:2266)
    at l.fire (vscode-file://vscode-app/snap/code/105/usr/share/code/resources/app/out/vs/workbench/workbench.desktop.main.js:82:1844)
    at vscode-file://vscode-app/snap/code/105/usr/share/code/resources/app/out/vs/workbench/workbench.desktop.main.js:80:23658
    at vscode-file://vscode-app/snap/code/105/usr/share/code/resources/app/out/vs/workbench/workbench.desktop.main.js:80:23814
    at S.invoke (vscode-file://vscode-app/snap/code/105/usr/share/code/resources/app/out/vs/workbench/workbench.desktop.main.js:82:145)
    at s.deliver (vscode-file://vscode-app/snap/code/105/usr/share/code/resources/app/out/vs/workbench/workbench.desktop.main.js:82:2266)
    at l.fire (vscode-file://vscode-app/snap/code/105/usr/share/code/resources/app/out/vs/workbench/workbench.desktop.main.js:82:1844)
    at vscode-file://vscode-app/snap/code/105/usr/share/code/resources/app/out/vs/workbench/workbench.desktop.main.js:80:23462
    at S.invoke (vscode-file://vscode-app/snap/code/105/usr/share/code/resources/app/out/vs/workbench/workbench.desktop.main.js:82:145)
    at s.deliver (vscode-file://vscode-app/snap/code/105/usr/share/code/resources/app/out/vs/workbench/workbench.desktop.main.js:82:2266)
    at l.fire (vscode-file://vscode-app/snap/code/105/usr/share/code/resources/app/out/vs/workbench/workbench.desktop.main.js:82:1844)
    at vscode-file://vscode-app/snap/code/105/usr/share/code/resources/app/out/vs/workbench/workbench.desktop.main.js:80:23658
    at S.invoke (vscode-file://vscode-app/snap/code/105/usr/share/code/resources/app/out/vs/workbench/workbench.desktop.main.js:82:145)
    at s.deliver (vscode-file://vscode-app/snap/code/105/usr/share/code/resources/app/out/vs/workbench/workbench.desktop.main.js:82:2266)
    at l.fire (vscode-file://vscode-app/snap/code/105/usr/share/code/resources/app/out/vs/workbench/workbench.desktop.main.js:82:1844)
    at Y (vscode-file://vscode-app/snap/code/105/usr/share/code/resources/app/out/vs/workbench/workbench.desktop.main.js:544:3415)
    at D.onResponse (vscode-file://vscode-app/snap/code/105/usr/share/code/resources/app/out/vs/workbench/workbench.desktop.main.js:544:4331)
    at D.onBuffer (vscode-file://vscode-app/snap/code/105/usr/share/code/resources/app/out/vs/workbench/workbench.desktop.main.js:544:4181)
    at vscode-file://vscode-app/snap/code/105/usr/share/code/resources/app/out/vs/workbench/workbench.desktop.main.js:544:1817
    at S.invoke (vscode-file://vscode-app/snap/code/105/usr/share/code/resources/app/out/vs/workbench/workbench.desktop.main.js:82:145)
    at s.deliver (vscode-file://vscode-app/snap/code/105/usr/share/code/resources/app/out/vs/workbench/workbench.desktop.main.js:82:2266)
    at l.fire (vscode-file://vscode-app/snap/code/105/usr/share/code/resources/app/out/vs/workbench/workbench.desktop.main.js:82:1844)
    at EventEmitter.ne (vscode-file://vscode-app/snap/code/105/usr/share/code/resources/app/out/vs/workbench/workbench.desktop.main.js:80:25646)
    at EventEmitter.emit (node:events:390:28)
    at Object.onMessage (node:electron/js2c/renderer_init:81:794)
[2022-08-22 11:22:00.141] [renderer1] [error] Cannot read properties of undefined (reading 'runtime'): TypeError: Cannot read properties of undefined (reading 'runtime')
    at M.onWindowFocusChanged (vscode-file://vscode-app/snap/code/105/usr/share/code/resources/app/out/vs/workbench/workbench.desktop.main.js:3058:11872)
    at vscode-file://vscode-app/snap/code/105/usr/share/code/resources/app/out/vs/workbench/workbench.desktop.main.js:3058:10610
    at S.invoke (vscode-file://vscode-app/snap/code/105/usr/share/code/resources/app/out/vs/workbench/workbench.desktop.main.js:82:145)
    at s.deliver (vscode-file://vscode-app/snap/code/105/usr/share/code/resources/app/out/vs/workbench/workbench.desktop.main.js:82:2266)
    at l.fire (vscode-file://vscode-app/snap/code/105/usr/share/code/resources/app/out/vs/workbench/workbench.desktop.main.js:82:1844)
    at vscode-file://vscode-app/snap/code/105/usr/share/code/resources/app/out/vs/workbench/workbench.desktop.main.js:80:23658
    at vscode-file://vscode-app/snap/code/105/usr/share/code/resources/app/out/vs/workbench/workbench.desktop.main.js:80:23814
    at S.invoke (vscode-file://vscode-app/snap/code/105/usr/share/code/resources/app/out/vs/workbench/workbench.desktop.main.js:82:145)
    at s.deliver (vscode-file://vscode-app/snap/code/105/usr/share/code/resources/app/out/vs/workbench/workbench.desktop.main.js:82:2266)
    at l.fire (vscode-file://vscode-app/snap/code/105/usr/share/code/resources/app/out/vs/workbench/workbench.desktop.main.js:82:1844)
    at vscode-file://vscode-app/snap/code/105/usr/share/code/resources/app/out/vs/workbench/workbench.desktop.main.js:80:23462
    at S.invoke (vscode-file://vscode-app/snap/code/105/usr/share/code/resources/app/out/vs/workbench/workbench.desktop.main.js:82:145)
    at s.deliver (vscode-file://vscode-app/snap/code/105/usr/share/code/resources/app/out/vs/workbench/workbench.desktop.main.js:82:2266)
    at l.fire (vscode-file://vscode-app/snap/code/105/usr/share/code/resources/app/out/vs/workbench/workbench.desktop.main.js:82:1844)
    at vscode-file://vscode-app/snap/code/105/usr/share/code/resources/app/out/vs/workbench/workbench.desktop.main.js:80:23658
    at S.invoke (vscode-file://vscode-app/snap/code/105/usr/share/code/resources/app/out/vs/workbench/workbench.desktop.main.js:82:145)
    at s.deliver (vscode-file://vscode-app/snap/code/105/usr/share/code/resources/app/out/vs/workbench/workbench.desktop.main.js:82:2266)
    at l.fire (vscode-file://vscode-app/snap/code/105/usr/share/code/resources/app/out/vs/workbench/workbench.desktop.main.js:82:1844)
    at Y (vscode-file://vscode-app/snap/code/105/usr/share/code/resources/app/out/vs/workbench/workbench.desktop.main.js:544:3415)
    at D.onResponse (vscode-file://vscode-app/snap/code/105/usr/share/code/resources/app/out/vs/workbench/workbench.desktop.main.js:544:4331)
    at D.onBuffer (vscode-file://vscode-app/snap/code/105/usr/share/code/resources/app/out/vs/workbench/workbench.desktop.main.js:544:4181)
    at vscode-file://vscode-app/snap/code/105/usr/share/code/resources/app/out/vs/workbench/workbench.desktop.main.js:544:1817
    at S.invoke (vscode-file://vscode-app/snap/code/105/usr/share/code/resources/app/out/vs/workbench/workbench.desktop.main.js:82:145)
    at s.deliver (vscode-file://vscode-app/snap/code/105/usr/share/code/resources/app/out/vs/workbench/workbench.desktop.main.js:82:2266)
    at l.fire (vscode-file://vscode-app/snap/code/105/usr/share/code/resources/app/out/vs/workbench/workbench.desktop.main.js:82:1844)
    at EventEmitter.ne (vscode-file://vscode-app/snap/code/105/usr/share/code/resources/app/out/vs/workbench/workbench.desktop.main.js:80:25646)
    at EventEmitter.emit (node:events:390:28)
    at Object.onMessage (node:electron/js2c/renderer_init:81:794)
[2022-08-22 11:22:23.679] [renderer1] [error] Cannot read properties of undefined (reading 'runtime'): TypeError: Cannot read properties of undefined (reading 'runtime')
    at M.onWindowFocusChanged (vscode-file://vscode-app/snap/code/105/usr/share/code/resources/app/out/vs/workbench/workbench.desktop.main.js:3058:11872)
    at vscode-file://vscode-app/snap/code/105/usr/share/code/resources/app/out/vs/workbench/workbench.desktop.main.js:3058:10610
    at S.invoke (vscode-file://vscode-app/snap/code/105/usr/share/code/resources/app/out/vs/workbench/workbench.desktop.main.js:82:145)
    at s.deliver (vscode-file://vscode-app/snap/code/105/usr/share/code/resources/app/out/vs/workbench/workbench.desktop.main.js:82:2266)
    at l.fire (vscode-file://vscode-app/snap/code/105/usr/share/code/resources/app/out/vs/workbench/workbench.desktop.main.js:82:1844)
    at vscode-file://vscode-app/snap/code/105/usr/share/code/resources/app/out/vs/workbench/workbench.desktop.main.js:80:23658
    at vscode-file://vscode-app/snap/code/105/usr/share/code/resources/app/out/vs/workbench/workbench.desktop.main.js:80:23814
    at S.invoke (vscode-file://vscode-app/snap/code/105/usr/share/code/resources/app/out/vs/workbench/workbench.desktop.main.js:82:145)
    at s.deliver (vscode-file://vscode-app/snap/code/105/usr/share/code/resources/app/out/vs/workbench/workbench.desktop.main.js:82:2266)
    at l.fire (vscode-file://vscode-app/snap/code/105/usr/share/code/resources/app/out/vs/workbench/workbench.desktop.main.js:82:1844)
    at vscode-file://vscode-app/snap/code/105/usr/share/code/resources/app/out/vs/workbench/workbench.desktop.main.js:80:23462
    at S.invoke (vscode-file://vscode-app/snap/code/105/usr/share/code/resources/app/out/vs/workbench/workbench.desktop.main.js:82:145)
    at s.deliver (vscode-file://vscode-app/snap/code/105/usr/share/code/resources/app/out/vs/workbench/workbench.desktop.main.js:82:2266)
    at l.fire (vscode-file://vscode-app/snap/code/105/usr/share/code/resources/app/out/vs/workbench/workbench.desktop.main.js:82:1844)
    at vscode-file://vscode-app/snap/code/105/usr/share/code/resources/app/out/vs/workbench/workbench.desktop.main.js:80:23658
    at S.invoke (vscode-file://vscode-app/snap/code/105/usr/share/code/resources/app/out/vs/workbench/workbench.desktop.main.js:82:145)
    at s.deliver (vscode-file://vscode-app/snap/code/105/usr/share/code/resources/app/out/vs/workbench/workbench.desktop.main.js:82:2266)
    at l.fire (vscode-file://vscode-app/snap/code/105/usr/share/code/resources/app/out/vs/workbench/workbench.desktop.main.js:82:1844)
    at Y (vscode-file://vscode-app/snap/code/105/usr/share/code/resources/app/out/vs/workbench/workbench.desktop.main.js:544:3415)
    at D.onResponse (vscode-file://vscode-app/snap/code/105/usr/share/code/resources/app/out/vs/workbench/workbench.desktop.main.js:544:4331)
    at D.onBuffer (vscode-file://vscode-app/snap/code/105/usr/share/code/resources/app/out/vs/workbench/workbench.desktop.main.js:544:4181)
    at vscode-file://vscode-app/snap/code/105/usr/share/code/resources/app/out/vs/workbench/workbench.desktop.main.js:544:1817
    at S.invoke (vscode-file://vscode-app/snap/code/105/usr/share/code/resources/app/out/vs/workbench/workbench.desktop.main.js:82:145)
    at s.deliver (vscode-file://vscode-app/snap/code/105/usr/share/code/resources/app/out/vs/workbench/workbench.desktop.main.js:82:2266)
    at l.fire (vscode-file://vscode-app/snap/code/105/usr/share/code/resources/app/out/vs/workbench/workbench.desktop.main.js:82:1844)
    at EventEmitter.ne (vscode-file://vscode-app/snap/code/105/usr/share/code/resources/app/out/vs/workbench/workbench.desktop.main.js:80:25646)
    at EventEmitter.emit (node:events:390:28)
    at Object.onMessage (node:electron/js2c/renderer_init:81:794)
[2022-08-22 11:22:24.720] [renderer1] [error] Cannot read properties of undefined (reading 'runtime'): TypeError: Cannot read properties of undefined (reading 'runtime')
    at M.onWindowFocusChanged (vscode-file://vscode-app/snap/code/105/usr/share/code/resources/app/out/vs/workbench/workbench.desktop.main.js:3058:11872)
    at vscode-file://vscode-app/snap/code/105/usr/share/code/resources/app/out/vs/workbench/workbench.desktop.main.js:3058:10610
    at S.invoke (vscode-file://vscode-app/snap/code/105/usr/share/code/resources/app/out/vs/workbench/workbench.desktop.main.js:82:145)
    at s.deliver (vscode-file://vscode-app/snap/code/105/usr/share/code/resources/app/out/vs/workbench/workbench.desktop.main.js:82:2266)
    at l.fire (vscode-file://vscode-app/snap/code/105/usr/share/code/resources/app/out/vs/workbench/workbench.desktop.main.js:82:1844)
    at vscode-file://vscode-app/snap/code/105/usr/share/code/resources/app/out/vs/workbench/workbench.desktop.main.js:80:23658
    at vscode-file://vscode-app/snap/code/105/usr/share/code/resources/app/out/vs/workbench/workbench.desktop.main.js:80:23814
    at S.invoke (vscode-file://vscode-app/snap/code/105/usr/share/code/resources/app/out/vs/workbench/workbench.desktop.main.js:82:145)
    at s.deliver (vscode-file://vscode-app/snap/code/105/usr/share/code/resources/app/out/vs/workbench/workbench.desktop.main.js:82:2266)
    at l.fire (vscode-file://vscode-app/snap/code/105/usr/share/code/resources/app/out/vs/workbench/workbench.desktop.main.js:82:1844)
    at vscode-file://vscode-app/snap/code/105/usr/share/code/resources/app/out/vs/workbench/workbench.desktop.main.js:80:23462
    at S.invoke (vscode-file://vscode-app/snap/code/105/usr/share/code/resources/app/out/vs/workbench/workbench.desktop.main.js:82:145)
    at s.deliver (vscode-file://vscode-app/snap/code/105/usr/share/code/resources/app/out/vs/workbench/workbench.desktop.main.js:82:2266)
    at l.fire (vscode-file://vscode-app/snap/code/105/usr/share/code/resources/app/out/vs/workbench/workbench.desktop.main.js:82:1844)
    at vscode-file://vscode-app/snap/code/105/usr/share/code/resources/app/out/vs/workbench/workbench.desktop.main.js:80:23658
    at S.invoke (vscode-file://vscode-app/snap/code/105/usr/share/code/resources/app/out/vs/workbench/workbench.desktop.main.js:82:145)
    at s.deliver (vscode-file://vscode-app/snap/code/105/usr/share/code/resources/app/out/vs/workbench/workbench.desktop.main.js:82:2266)
    at l.fire (vscode-file://vscode-app/snap/code/105/usr/share/code/resources/app/out/vs/workbench/workbench.desktop.main.js:82:1844)
    at Y (vscode-file://vscode-app/snap/code/105/usr/share/code/resources/app/out/vs/workbench/workbench.desktop.main.js:544:3415)
    at D.onResponse (vscode-file://vscode-app/snap/code/105/usr/share/code/resources/app/out/vs/workbench/workbench.desktop.main.js:544:4331)
    at D.onBuffer (vscode-file://vscode-app/snap/code/105/usr/share/code/resources/app/out/vs/workbench/workbench.desktop.main.js:544:4181)
    at vscode-file://vscode-app/snap/code/105/usr/share/code/resources/app/out/vs/workbench/workbench.desktop.main.js:544:1817
    at S.invoke (vscode-file://vscode-app/snap/code/105/usr/share/code/resources/app/out/vs/workbench/workbench.desktop.main.js:82:145)
    at s.deliver (vscode-file://vscode-app/snap/code/105/usr/share/code/resources/app/out/vs/workbench/workbench.desktop.main.js:82:2266)
    at l.fire (vscode-file://vscode-app/snap/code/105/usr/share/code/resources/app/out/vs/workbench/workbench.desktop.main.js:82:1844)
    at EventEmitter.ne (vscode-file://vscode-app/snap/code/105/usr/share/code/resources/app/out/vs/workbench/workbench.desktop.main.js:80:25646)
    at EventEmitter.emit (node:events:390:28)
    at Object.onMessage (node:electron/js2c/renderer_init:81:794)
